<?xml version="1.0" encoding="UTF-8"?>
<!-- Generated by org.testng.reporters.JUnitXMLReporter -->
<testsuite ignored="0" hostname="ShamalaAcharya" failures="0" tests="5" name="Default test" time="8.68" errors="0" timestamp="10 May 2023 17:50:26 GMT">
  <testcase classname="api.test.Tests" name="setPayLoad" time="0.427"/>
  <testcase classname="api.test.Tests" name="testCreateUser" time="6.268"/>
  <testcase classname="api.test.Tests" name="testGetUser" time="0.57"/>
  <testcase classname="api.test.Tests" name="testUpdateUser" time="0.87"/>
  <testcase classname="api.test.Tests" name="testDeleteUser" time="0.499"/>
</testsuite> <!-- Default test -->
