<?xml version="1.0" encoding="UTF-8"?>
<!-- Generated by org.testng.reporters.JUnitXMLReporter -->
<testsuite ignored="0" hostname="ShamalaAcharya" failures="0" tests="5" name="Nopackage" time="5.952" errors="0" timestamp="11 May 2023 04:15:10 GMT">
  <testcase classname="test.Tests" name="setPayLoad" time="0.254"/>
  <testcase classname="test.Tests" name="testCreateUser" time="4.304"/>
  <testcase classname="test.Tests" name="testGetUser" time="0.363"/>
  <testcase classname="test.Tests" name="testUpdateUser" time="0.597"/>
  <testcase classname="test.Tests" name="testDeleteUser" time="0.403"/>
</testsuite> <!-- Nopackage -->
