<?xml version="1.0" encoding="UTF-8"?>
<testsuite xmlns:xsi="http://www.w3.org/2001/XMLSchema-instance" xsi:noNamespaceSchemaLocation="https://maven.apache.org/surefire/maven-surefire-plugin/xsd/surefire-test-report-3.0.xsd" version="3.0" name="TestSuite" time="13.915" tests="5" errors="0" skipped="0" failures="0">
  <properties>
[...]
</properties>
  <testcase name="setPayLoad" classname="test.Tests" time="0.195">
    <system-out><![CDATA[[TestNGContentHandler] [WARN] It is strongly recommended to add "<!DOCTYPE suite SYSTEM "http://testng.org/testng-1.0.dtd" >" at the top of your file, otherwise TestNG may fail or not work as expected.
]]></system-out>
  </testcase>
  <testcase name="testCreateUser" classname="test.Tests" time="4.394">
    <system-out><![CDATA[{
    "id": 1610515,
    "name": "Shonna Gaylord",
    "email": "Shonna.Gaylord@gmail.com",
    "gender": "male",
    "status": "inactive"
}
]]></system-out>
  </testcase>
  <testcase name="testGetUser" classname="test.Tests" time="1.737">
    <system-out><![CDATA[{
    "id": 1610515,
    "name": "Shonna Gaylord",
    "email": "Shonna.Gaylord@gmail.com",
    "gender": "male",
    "status": "inactive"
}
]]></system-out>
  </testcase>
  <testcase name="testUpdateUser" classname="test.Tests" time="1.547">
    <system-out><![CDATA[{
    "email": "Gaylord.Shonna@gmail.com",
    "name": "Shonna Gaylord",
    "gender": "male",
    "status": "active",
    "id": 1610515
}
]]></system-out>
  </testcase>
  <testcase name="testDeleteUser" classname="test.Tests" time="2.226">
    <system-out><![CDATA[
]]></system-out>
  </testcase>
</testsuite>