<?xml version="1.0" encoding="UTF-8"?>
<testng-results ignored="0" total="5" passed="5" failed="0" skipped="0">
  <reporter-output>
  </reporter-output>
  <suite started-at="2023-05-11T04:15:04Z" name="Suite1" finished-at="2023-05-11T04:15:10Z" duration-ms="5952">
    <groups>
    </groups>
    <test started-at="2023-05-11T04:15:04Z" name="Nopackage" finished-at="2023-05-11T04:15:10Z" duration-ms="5952">
      <class name="test.Tests">
        <test-method signature="setPayLoad()[pri:0, instance:test.Tests@2d778add]" started-at="2023-05-11T04:15:04Z" name="setPayLoad" finished-at="2023-05-11T04:15:04Z" duration-ms="254" status="PASS">
          <reporter-output>
          </reporter-output>
        </test-method> <!-- setPayLoad -->
        <test-method signature="testCreateUser()[pri:1, instance:test.Tests@2d778add]" started-at="2023-05-11T04:15:04Z" name="testCreateUser" finished-at="2023-05-11T04:15:09Z" depends-on-methods="test.Tests.setPayLoad" duration-ms="4304" status="PASS">
          <reporter-output>
          </reporter-output>
        </test-method> <!-- testCreateUser -->
        <test-method signature="testGetUser()[pri:2, instance:test.Tests@2d778add]" started-at="2023-05-11T04:15:09Z" name="testGetUser" finished-at="2023-05-11T04:15:09Z" duration-ms="363" status="PASS">
          <reporter-output>
          </reporter-output>
        </test-method> <!-- testGetUser -->
        <test-method signature="testUpdateUser()[pri:3, instance:test.Tests@2d778add]" started-at="2023-05-11T04:15:09Z" name="testUpdateUser" finished-at="2023-05-11T04:15:10Z" duration-ms="597" status="PASS">
          <reporter-output>
          </reporter-output>
        </test-method> <!-- testUpdateUser -->
        <test-method signature="testDeleteUser()[pri:4, instance:test.Tests@2d778add]" started-at="2023-05-11T04:15:10Z" name="testDeleteUser" finished-at="2023-05-11T04:15:10Z" duration-ms="403" status="PASS">
          <reporter-output>
          </reporter-output>
        </test-method> <!-- testDeleteUser -->
      </class> <!-- test.Tests -->
    </test> <!-- Nopackage -->
  </suite> <!-- Suite1 -->
</testng-results>
